Date: 2016-12-18 13:28
Method: reload
User Mode: Free
BackupGuard version: 1.1.29
Supported archive version: 5
Database prefix: wp_
Site URL: http://wp.ru
Home URL: http://wp.ru
Uploads path: C:\OpenServer\domains\wp.ru/wp-content/uploads
Site installation: standard
OS: WINNT
Server: Apache
User agent: Mozilla/5.0 (Windows NT 6.3; WOW64) AppleWebKit/537.36 (KHTML, like Gecko) Chrome/51.0.2704.106 Safari/537.36
PHP version: 5.6.23
SAPI: apache2handler
Codepage: Russian_Russia.1251
Int size: 4
Int lib: bcmath
Memory limit: 1536M
Max execution time: 180
Environment: Wordpress 3.8.16
Backup type: files,database

2016-12-18 13:28: Start backup
2016-12-18 13:28: Start backup database
2016-12-18 13:28: Total tables to backup: 15
2016-12-18 13:28: Total rows to backup: 277
2016-12-18 13:28: Start backup table: wp_options
2016-12-18 13:28: End backup table: wp_options
2016-12-18 13:28: Start backup table: wp_commentmeta
2016-12-18 13:28: End backup table: wp_commentmeta
2016-12-18 13:28: Start backup table: wp_comments
2016-12-18 13:28: End backup table: wp_comments
2016-12-18 13:28: Start backup table: wp_links
2016-12-18 13:28: End backup table: wp_links
2016-12-18 13:28: Start backup table: wp_postmeta
2016-12-18 13:28: End backup table: wp_postmeta
2016-12-18 13:28: Start backup table: wp_posts
2016-12-18 13:28: End backup table: wp_posts
2016-12-18 13:28: Start backup table: wp_term_relationships
2016-12-18 13:28: End backup table: wp_term_relationships
2016-12-18 13:28: Start backup table: wp_term_taxonomy
2016-12-18 13:28: End backup table: wp_term_taxonomy
2016-12-18 13:28: Start backup table: wp_terms
2016-12-18 13:28: End backup table: wp_terms
2016-12-18 13:28: Start backup table: wp_usermeta
2016-12-18 13:28: End backup table: wp_usermeta
2016-12-18 13:28: Start backup table: wp_users
2016-12-18 13:28: End backup table: wp_users
2016-12-18 13:28: Start backup table: wp_wpns_blocked_ips
2016-12-18 13:28: End backup table: wp_wpns_blocked_ips
2016-12-18 13:28: Start backup table: wp_wpns_email_sent_audit
2016-12-18 13:28: End backup table: wp_wpns_email_sent_audit
2016-12-18 13:28: Start backup table: wp_wpns_transactions
2016-12-18 13:28: End backup table: wp_wpns_transactions
2016-12-18 13:28: Start backup table: wp_wpns_whitelisted_ips
2016-12-18 13:28: End backup table: wp_wpns_whitelisted_ips
2016-12-18 13:28: End backup database
2016-12-18 13:28: Start backup files
2016-12-18 13:28: Backup files: wp-content,wp-content\uploads\backup-guard\sg_backup_opt(full)_20161218132809\sg_backup_opt(full)_20161218132809.sql
2016-12-18 13:28: Number of files to backup: 270
2016-12-18 13:28: Start backup file: C:\OpenServer\domains\wp.ru/wp-content/index.php
2016-12-18 13:28: End backup file: C:\OpenServer\domains\wp.ru/wp-content/index.php
2016-12-18 13:28: Start backup file: C:\OpenServer\domains\wp.ru/wp-content/languages/admin-network-ru_RU.mo
2016-12-18 13:28: End backup file: C:\OpenServer\domains\wp.ru/wp-content/languages/admin-network-ru_RU.mo
2016-12-18 13:28: Start backup file: C:\OpenServer\domains\wp.ru/wp-content/languages/admin-network-ru_RU.po
2016-12-18 13:28: End backup file: C:\OpenServer\domains\wp.ru/wp-content/languages/admin-network-ru_RU.po
2016-12-18 13:28: Start backup file: C:\OpenServer\domains\wp.ru/wp-content/languages/admin-ru_RU.mo
2016-12-18 13:28: End backup file: C:\OpenServer\domains\wp.ru/wp-content/languages/admin-ru_RU.mo
2016-12-18 13:28: Start backup file: C:\OpenServer\domains\wp.ru/wp-content/languages/admin-ru_RU.po
2016-12-18 13:28: End backup file: C:\OpenServer\domains\wp.ru/wp-content/languages/admin-ru_RU.po
2016-12-18 13:28: Start backup file: C:\OpenServer\domains\wp.ru/wp-content/languages/continents-cities-ru_RU.mo
2016-12-18 13:28: End backup file: C:\OpenServer\domains\wp.ru/wp-content/languages/continents-cities-ru_RU.mo
2016-12-18 13:28: Start backup file: C:\OpenServer\domains\wp.ru/wp-content/languages/continents-cities-ru_RU.po
2016-12-18 13:28: End backup file: C:\OpenServer\domains\wp.ru/wp-content/languages/continents-cities-ru_RU.po
2016-12-18 13:28: Start backup file: C:\OpenServer\domains\wp.ru/wp-content/languages/ru_RU.mo
2016-12-18 13:28: End backup file: C:\OpenServer\domains\wp.ru/wp-content/languages/ru_RU.mo
2016-12-18 13:28: Start backup file: C:\OpenServer\domains\wp.ru/wp-content/languages/ru_RU.php
2016-12-18 13:28: End backup file: C:\OpenServer\domains\wp.ru/wp-content/languages/ru_RU.php
2016-12-18 13:28: Start backup file: C:\OpenServer\domains\wp.ru/wp-content/languages/ru_RU.po
2016-12-18 13:28: End backup file: C:\OpenServer\domains\wp.ru/wp-content/languages/ru_RU.po
2016-12-18 13:28: Start backup file: C:\OpenServer\domains\wp.ru/wp-content/languages/themes/twentyfourteen-ru_RU.mo
2016-12-18 13:28: End backup file: C:\OpenServer\domains\wp.ru/wp-content/languages/themes/twentyfourteen-ru_RU.mo
2016-12-18 13:28: Start backup file: C:\OpenServer\domains\wp.ru/wp-content/languages/themes/twentyfourteen-ru_RU.po
2016-12-18 13:28: End backup file: C:\OpenServer\domains\wp.ru/wp-content/languages/themes/twentyfourteen-ru_RU.po
2016-12-18 13:28: Start backup file: C:\OpenServer\domains\wp.ru/wp-content/languages/themes/twentythirteen-ru_RU.mo
2016-12-18 13:28: End backup file: C:\OpenServer\domains\wp.ru/wp-content/languages/themes/twentythirteen-ru_RU.mo
2016-12-18 13:28: Start backup file: C:\OpenServer\domains\wp.ru/wp-content/languages/themes/twentythirteen-ru_RU.po
2016-12-18 13:28: End backup file: C:\OpenServer\domains\wp.ru/wp-content/languages/themes/twentythirteen-ru_RU.po
2016-12-18 13:28: Start backup file: C:\OpenServer\domains\wp.ru/wp-content/languages/themes/twentytwelve-ru_RU.mo
2016-12-18 13:28: End backup file: C:\OpenServer\domains\wp.ru/wp-content/languages/themes/twentytwelve-ru_RU.mo
2016-12-18 13:28: Start backup file: C:\OpenServer\domains\wp.ru/wp-content/languages/themes/twentytwelve-ru_RU.po
2016-12-18 13:28: End backup file: C:\OpenServer\domains\wp.ru/wp-content/languages/themes/twentytwelve-ru_RU.po
2016-12-18 13:28: Start backup file: C:\OpenServer\domains\wp.ru/wp-content/plugins/akismet/admin.php
2016-12-18 13:28: End backup file: C:\OpenServer\domains\wp.ru/wp-content/plugins/akismet/admin.php
2016-12-18 13:28: Start backup file: C:\OpenServer\domains\wp.ru/wp-content/plugins/akismet/akismet.css
2016-12-18 13:28: End backup file: C:\OpenServer\domains\wp.ru/wp-content/plugins/akismet/akismet.css
2016-12-18 13:28: Start backup file: C:\OpenServer\domains\wp.ru/wp-content/plugins/akismet/akismet.gif
2016-12-18 13:28: End backup file: C:\OpenServer\domains\wp.ru/wp-content/plugins/akismet/akismet.gif
2016-12-18 13:28: Start backup file: C:\OpenServer\domains\wp.ru/wp-content/plugins/akismet/akismet.js
2016-12-18 13:28: End backup file: C:\OpenServer\domains\wp.ru/wp-content/plugins/akismet/akismet.js
2016-12-18 13:28: Start backup file: C:\OpenServer\domains\wp.ru/wp-content/plugins/akismet/akismet.php
2016-12-18 13:28: End backup file: C:\OpenServer\domains\wp.ru/wp-content/plugins/akismet/akismet.php
2016-12-18 13:28: Start backup file: C:\OpenServer\domains\wp.ru/wp-content/plugins/akismet/img/logo.png
2016-12-18 13:28: End backup file: C:\OpenServer\domains\wp.ru/wp-content/plugins/akismet/img/logo.png
2016-12-18 13:28: Start backup file: C:\OpenServer\domains\wp.ru/wp-content/plugins/akismet/img/logo@2x.png
2016-12-18 13:28: End backup file: C:\OpenServer\domains\wp.ru/wp-content/plugins/akismet/img/logo@2x.png
2016-12-18 13:28: Start backup file: C:\OpenServer\domains\wp.ru/wp-content/plugins/akismet/index.php
2016-12-18 13:28: End backup file: C:\OpenServer\domains\wp.ru/wp-content/plugins/akismet/index.php
2016-12-18 13:28: Start backup file: C:\OpenServer\domains\wp.ru/wp-content/plugins/akismet/legacy.php
2016-12-18 13:28: End backup file: C:\OpenServer\domains\wp.ru/wp-content/plugins/akismet/legacy.php
2016-12-18 13:28: Start backup file: C:\OpenServer\domains\wp.ru/wp-content/plugins/akismet/readme.txt
2016-12-18 13:28: End backup file: C:\OpenServer\domains\wp.ru/wp-content/plugins/akismet/readme.txt
2016-12-18 13:28: Start backup file: C:\OpenServer\domains\wp.ru/wp-content/plugins/akismet/widget.php
2016-12-18 13:28: End backup file: C:\OpenServer\domains\wp.ru/wp-content/plugins/akismet/widget.php
2016-12-18 13:28: Start backup file: C:\OpenServer\domains\wp.ru/wp-content/plugins/backup.zip
2016-12-18 13:28: End backup file: C:\OpenServer\domains\wp.ru/wp-content/plugins/backup.zip
2016-12-18 13:28: Start backup file: C:\OpenServer\domains\wp.ru/wp-content/plugins/hello.php
2016-12-18 13:28: End backup file: C:\OpenServer\domains\wp.ru/wp-content/plugins/hello.php
2016-12-18 13:28: Start backup file: C:\OpenServer\domains\wp.ru/wp-content/plugins/index.php
2016-12-18 13:28: End backup file: C:\OpenServer\domains\wp.ru/wp-content/plugins/index.php
2016-12-18 13:28: Start backup file: C:\OpenServer\domains\wp.ru/wp-content/plugins/miniorange-limit-login-attempts/class-mo-wpns-customer-setup.php
2016-12-18 13:28: End backup file: C:\OpenServer\domains\wp.ru/wp-content/plugins/miniorange-limit-login-attempts/class-mo-wpns-customer-setup.php
2016-12-18 13:28: Start backup file: C:\OpenServer\domains\wp.ru/wp-content/plugins/miniorange-limit-login-attempts/class-mo-wpns-utility.php
2016-12-18 13:28: End backup file: C:\OpenServer\domains\wp.ru/wp-content/plugins/miniorange-limit-login-attempts/class-mo-wpns-utility.php
2016-12-18 13:28: Start backup file: C:\OpenServer\domains\wp.ru/wp-content/plugins/miniorange-limit-login-attempts/class-wpns-auth-response.php
2016-12-18 13:28: End backup file: C:\OpenServer\domains\wp.ru/wp-content/plugins/miniorange-limit-login-attempts/class-wpns-auth-response.php
2016-12-18 13:28: Start backup file: C:\OpenServer\domains\wp.ru/wp-content/plugins/miniorange-limit-login-attempts/includes/css/jquery.dataTables.min.css
2016-12-18 13:28: End backup file: C:\OpenServer\domains\wp.ru/wp-content/plugins/miniorange-limit-login-attempts/includes/css/jquery.dataTables.min.css
2016-12-18 13:28: Start backup file: C:\OpenServer\domains\wp.ru/wp-content/plugins/miniorange-limit-login-attempts/includes/css/mo_customer_validation_style.css
2016-12-18 13:28: End backup file: C:\OpenServer\domains\wp.ru/wp-content/plugins/miniorange-limit-login-attempts/includes/css/mo_customer_validation_style.css
2016-12-18 13:28: Start backup file: C:\OpenServer\domains\wp.ru/wp-content/plugins/miniorange-limit-login-attempts/includes/css/phone.css
2016-12-18 13:28: End backup file: C:\OpenServer\domains\wp.ru/wp-content/plugins/miniorange-limit-login-attempts/includes/css/phone.css
2016-12-18 13:28: Start backup file: C:\OpenServer\domains\wp.ru/wp-content/plugins/miniorange-limit-login-attempts/includes/css/style_settings.css
2016-12-18 13:28: End backup file: C:\OpenServer\domains\wp.ru/wp-content/plugins/miniorange-limit-login-attempts/includes/css/style_settings.css
2016-12-18 13:28: Start backup file: C:\OpenServer\domains\wp.ru/wp-content/plugins/miniorange-limit-login-attempts/includes/images/error.png
2016-12-18 13:28: End backup file: C:\OpenServer\domains\wp.ru/wp-content/plugins/miniorange-limit-login-attempts/includes/images/error.png
2016-12-18 13:28: Start backup file: C:\OpenServer\domains\wp.ru/wp-content/plugins/miniorange-limit-login-attempts/includes/images/flags16.png
2016-12-18 13:28: End backup file: C:\OpenServer\domains\wp.ru/wp-content/plugins/miniorange-limit-login-attempts/includes/images/flags16.png
2016-12-18 13:28: Start backup file: C:\OpenServer\domains\wp.ru/wp-content/plugins/miniorange-limit-login-attempts/includes/images/miniorange_icon.png
2016-12-18 13:28: End backup file: C:\OpenServer\domains\wp.ru/wp-content/plugins/miniorange-limit-login-attempts/includes/images/miniorange_icon.png
2016-12-18 13:28: Start backup file: C:\OpenServer\domains\wp.ru/wp-content/plugins/miniorange-limit-login-attempts/includes/images/success.png
2016-12-18 13:28: End backup file: C:\OpenServer\domains\wp.ru/wp-content/plugins/miniorange-limit-login-attempts/includes/images/success.png
2016-12-18 13:28: Start backup file: C:\OpenServer\domains\wp.ru/wp-content/plugins/miniorange-limit-login-attempts/includes/js/jquery.dataTables.min.js
2016-12-18 13:28: End backup file: C:\OpenServer\domains\wp.ru/wp-content/plugins/miniorange-limit-login-attempts/includes/js/jquery.dataTables.min.js
2016-12-18 13:28: Start backup file: C:\OpenServer\domains\wp.ru/wp-content/plugins/miniorange-limit-login-attempts/includes/js/phone.js
2016-12-18 13:28: End backup file: C:\OpenServer\domains\wp.ru/wp-content/plugins/miniorange-limit-login-attempts/includes/js/phone.js
2016-12-18 13:28: Start backup file: C:\OpenServer\domains\wp.ru/wp-content/plugins/miniorange-limit-login-attempts/includes/js/settings_page.js
2016-12-18 13:28: End backup file: C:\OpenServer\domains\wp.ru/wp-content/plugins/miniorange-limit-login-attempts/includes/js/settings_page.js
2016-12-18 13:28: Start backup file: C:\OpenServer\domains\wp.ru/wp-content/plugins/miniorange-limit-login-attempts/mo-wpns-handler.php
2016-12-18 13:28: End backup file: C:\OpenServer\domains\wp.ru/wp-content/plugins/miniorange-limit-login-attempts/mo-wpns-handler.php
2016-12-18 13:28: Start backup file: C:\OpenServer\domains\wp.ru/wp-content/plugins/miniorange-limit-login-attempts/mo-wpns-recaptcha-handler.php
2016-12-18 13:28: End backup file: C:\OpenServer\domains\wp.ru/wp-content/plugins/miniorange-limit-login-attempts/mo-wpns-recaptcha-handler.php
2016-12-18 13:28: Start backup file: C:\OpenServer\domains\wp.ru/wp-content/plugins/miniorange-limit-login-attempts/mo_limit_login_widget.php
2016-12-18 13:28: End backup file: C:\OpenServer\domains\wp.ru/wp-content/plugins/miniorange-limit-login-attempts/mo_limit_login_widget.php
2016-12-18 13:28: Start backup file: C:\OpenServer\domains\wp.ru/wp-content/plugins/miniorange-limit-login-attempts/mo_wpns_pages.php
2016-12-18 13:28: End backup file: C:\OpenServer\domains\wp.ru/wp-content/plugins/miniorange-limit-login-attempts/mo_wpns_pages.php
2016-12-18 13:28: Start backup file: C:\OpenServer\domains\wp.ru/wp-content/plugins/miniorange-limit-login-attempts/mo_wpns_support.php
2016-12-18 13:28: End backup file: C:\OpenServer\domains\wp.ru/wp-content/plugins/miniorange-limit-login-attempts/mo_wpns_support.php
2016-12-18 13:28: Start backup file: C:\OpenServer\domains\wp.ru/wp-content/plugins/miniorange-limit-login-attempts/readme.txt
2016-12-18 13:28: End backup file: C:\OpenServer\domains\wp.ru/wp-content/plugins/miniorange-limit-login-attempts/readme.txt
2016-12-18 13:28: Start backup file: C:\OpenServer\domains\wp.ru/wp-content/plugins/miniorange-limit-login-attempts/resources/constants.php
2016-12-18 13:28: End backup file: C:\OpenServer\domains\wp.ru/wp-content/plugins/miniorange-limit-login-attempts/resources/constants.php
2016-12-18 13:28: Start backup file: C:\OpenServer\domains\wp.ru/wp-content/plugins/miniorange-limit-login-attempts/resources/messages.php
2016-12-18 13:28: End backup file: C:\OpenServer\domains\wp.ru/wp-content/plugins/miniorange-limit-login-attempts/resources/messages.php
2016-12-18 13:28: Start backup file: C:\OpenServer\domains\wp.ru/wp-content/plugins/miniorange-limit-login-attempts/templates/403.php
2016-12-18 13:28: End backup file: C:\OpenServer\domains\wp.ru/wp-content/plugins/miniorange-limit-login-attempts/templates/403.php
2016-12-18 13:28: Start backup file: C:\OpenServer\domains\wp.ru/wp-content/plugins/miniorange-limit-login-attempts/uninstall.php
2016-12-18 13:28: End backup file: C:\OpenServer\domains\wp.ru/wp-content/plugins/miniorange-limit-login-attempts/uninstall.php
2016-12-18 13:28: Start backup file: C:\OpenServer\domains\wp.ru/wp-content/plugins/wp-db-backup/LICENSE
2016-12-18 13:28: End backup file: C:\OpenServer\domains\wp.ru/wp-content/plugins/wp-db-backup/LICENSE
2016-12-18 13:28: Start backup file: C:\OpenServer\domains\wp.ru/wp-content/plugins/wp-db-backup/README.markdown
2016-12-18 13:28: End backup file: C:\OpenServer\domains\wp.ru/wp-content/plugins/wp-db-backup/README.markdown
2016-12-18 13:28: Start backup file: C:\OpenServer\domains\wp.ru/wp-content/plugins/wp-db-backup/readme.txt
2016-12-18 13:28: End backup file: C:\OpenServer\domains\wp.ru/wp-content/plugins/wp-db-backup/readme.txt
2016-12-18 13:28: Start backup file: C:\OpenServer\domains\wp.ru/wp-content/plugins/wp-db-backup/wp-db-backup-ar.mo
2016-12-18 13:28: End backup file: C:\OpenServer\domains\wp.ru/wp-content/plugins/wp-db-backup/wp-db-backup-ar.mo
2016-12-18 13:28: Start backup file: C:\OpenServer\domains\wp.ru/wp-content/plugins/wp-db-backup/wp-db-backup-ar.po
2016-12-18 13:28: End backup file: C:\OpenServer\domains\wp.ru/wp-content/plugins/wp-db-backup/wp-db-backup-ar.po
2016-12-18 13:28: Start backup file: C:\OpenServer\domains\wp.ru/wp-content/plugins/wp-db-backup/wp-db-backup-ca.mo
2016-12-18 13:28: End backup file: C:\OpenServer\domains\wp.ru/wp-content/plugins/wp-db-backup/wp-db-backup-ca.mo
2016-12-18 13:28: Start backup file: C:\OpenServer\domains\wp.ru/wp-content/plugins/wp-db-backup/wp-db-backup-ca.po
2016-12-18 13:28: End backup file: C:\OpenServer\domains\wp.ru/wp-content/plugins/wp-db-backup/wp-db-backup-ca.po
2016-12-18 13:28: Start backup file: C:\OpenServer\domains\wp.ru/wp-content/plugins/wp-db-backup/wp-db-backup-de_DE.mo
2016-12-18 13:28: End backup file: C:\OpenServer\domains\wp.ru/wp-content/plugins/wp-db-backup/wp-db-backup-de_DE.mo
2016-12-18 13:28: Start backup file: C:\OpenServer\domains\wp.ru/wp-content/plugins/wp-db-backup/wp-db-backup-de_DE.po
2016-12-18 13:28: End backup file: C:\OpenServer\domains\wp.ru/wp-content/plugins/wp-db-backup/wp-db-backup-de_DE.po
2016-12-18 13:28: Start backup file: C:\OpenServer\domains\wp.ru/wp-content/plugins/wp-db-backup/wp-db-backup-el.mo
2016-12-18 13:28: End backup file: C:\OpenServer\domains\wp.ru/wp-content/plugins/wp-db-backup/wp-db-backup-el.mo
2016-12-18 13:28: Start backup file: C:\OpenServer\domains\wp.ru/wp-content/plugins/wp-db-backup/wp-db-backup-el.po
2016-12-18 13:28: End backup file: C:\OpenServer\domains\wp.ru/wp-content/plugins/wp-db-backup/wp-db-backup-el.po
2016-12-18 13:28: Start backup file: C:\OpenServer\domains\wp.ru/wp-content/plugins/wp-db-backup/wp-db-backup-es_ES.mo
2016-12-18 13:28: End backup file: C:\OpenServer\domains\wp.ru/wp-content/plugins/wp-db-backup/wp-db-backup-es_ES.mo
2016-12-18 13:28: Start backup file: C:\OpenServer\domains\wp.ru/wp-content/plugins/wp-db-backup/wp-db-backup-es_ES.po
2016-12-18 13:28: End backup file: C:\OpenServer\domains\wp.ru/wp-content/plugins/wp-db-backup/wp-db-backup-es_ES.po
2016-12-18 13:28: Start backup file: C:\OpenServer\domains\wp.ru/wp-content/plugins/wp-db-backup/wp-db-backup-fa_IR.mo
2016-12-18 13:28: End backup file: C:\OpenServer\domains\wp.ru/wp-content/plugins/wp-db-backup/wp-db-backup-fa_IR.mo
2016-12-18 13:28: Start backup file: C:\OpenServer\domains\wp.ru/wp-content/plugins/wp-db-backup/wp-db-backup-fa_IR.po
2016-12-18 13:28: End backup file: C:\OpenServer\domains\wp.ru/wp-content/plugins/wp-db-backup/wp-db-backup-fa_IR.po
2016-12-18 13:28: Start backup file: C:\OpenServer\domains\wp.ru/wp-content/plugins/wp-db-backup/wp-db-backup-fr_FR.mo
2016-12-18 13:28: End backup file: C:\OpenServer\domains\wp.ru/wp-content/plugins/wp-db-backup/wp-db-backup-fr_FR.mo
2016-12-18 13:28: Start backup file: C:\OpenServer\domains\wp.ru/wp-content/plugins/wp-db-backup/wp-db-backup-fr_FR.po
2016-12-18 13:28: End backup file: C:\OpenServer\domains\wp.ru/wp-content/plugins/wp-db-backup/wp-db-backup-fr_FR.po
2016-12-18 13:28: Start backup file: C:\OpenServer\domains\wp.ru/wp-content/plugins/wp-db-backup/wp-db-backup-it_IT.mo
2016-12-18 13:28: End backup file: C:\OpenServer\domains\wp.ru/wp-content/plugins/wp-db-backup/wp-db-backup-it_IT.mo
2016-12-18 13:28: Start backup file: C:\OpenServer\domains\wp.ru/wp-content/plugins/wp-db-backup/wp-db-backup-it_IT.po
2016-12-18 13:28: End backup file: C:\OpenServer\domains\wp.ru/wp-content/plugins/wp-db-backup/wp-db-backup-it_IT.po
2016-12-18 13:28: Start backup file: C:\OpenServer\domains\wp.ru/wp-content/plugins/wp-db-backup/wp-db-backup-ja.mo
2016-12-18 13:28: End backup file: C:\OpenServer\domains\wp.ru/wp-content/plugins/wp-db-backup/wp-db-backup-ja.mo
2016-12-18 13:28: Start backup file: C:\OpenServer\domains\wp.ru/wp-content/plugins/wp-db-backup/wp-db-backup-ja.po
2016-12-18 13:28: End backup file: C:\OpenServer\domains\wp.ru/wp-content/plugins/wp-db-backup/wp-db-backup-ja.po
2016-12-18 13:28: Start backup file: C:\OpenServer\domains\wp.ru/wp-content/plugins/wp-db-backup/wp-db-backup-ko_KR.mo
2016-12-18 13:28: End backup file: C:\OpenServer\domains\wp.ru/wp-content/plugins/wp-db-backup/wp-db-backup-ko_KR.mo
2016-12-18 13:28: Start backup file: C:\OpenServer\domains\wp.ru/wp-content/plugins/wp-db-backup/wp-db-backup-ko_KR.po
2016-12-18 13:28: End backup file: C:\OpenServer\domains\wp.ru/wp-content/plugins/wp-db-backup/wp-db-backup-ko_KR.po
2016-12-18 13:28: Start backup file: C:\OpenServer\domains\wp.ru/wp-content/plugins/wp-db-backup/wp-db-backup-nb_NO.mo
2016-12-18 13:28: End backup file: C:\OpenServer\domains\wp.ru/wp-content/plugins/wp-db-backup/wp-db-backup-nb_NO.mo
2016-12-18 13:28: Start backup file: C:\OpenServer\domains\wp.ru/wp-content/plugins/wp-db-backup/wp-db-backup-nb_NO.po
2016-12-18 13:28: End backup file: C:\OpenServer\domains\wp.ru/wp-content/plugins/wp-db-backup/wp-db-backup-nb_NO.po
2016-12-18 13:28: Start backup file: C:\OpenServer\domains\wp.ru/wp-content/plugins/wp-db-backup/wp-db-backup-pt_BR.mo
2016-12-18 13:28: End backup file: C:\OpenServer\domains\wp.ru/wp-content/plugins/wp-db-backup/wp-db-backup-pt_BR.mo
2016-12-18 13:28: Start backup file: C:\OpenServer\domains\wp.ru/wp-content/plugins/wp-db-backup/wp-db-backup-pt_BR.po
2016-12-18 13:28: End backup file: C:\OpenServer\domains\wp.ru/wp-content/plugins/wp-db-backup/wp-db-backup-pt_BR.po
2016-12-18 13:28: Start backup file: C:\OpenServer\domains\wp.ru/wp-content/plugins/wp-db-backup/wp-db-backup-ru_RU.mo
2016-12-18 13:28: End backup file: C:\OpenServer\domains\wp.ru/wp-content/plugins/wp-db-backup/wp-db-backup-ru_RU.mo
2016-12-18 13:28: Start backup file: C:\OpenServer\domains\wp.ru/wp-content/plugins/wp-db-backup/wp-db-backup-ru_RU.po
2016-12-18 13:28: End backup file: C:\OpenServer\domains\wp.ru/wp-content/plugins/wp-db-backup/wp-db-backup-ru_RU.po
2016-12-18 13:28: Start backup file: C:\OpenServer\domains\wp.ru/wp-content/plugins/wp-db-backup/wp-db-backup-sv_SE.mo
2016-12-18 13:28: End backup file: C:\OpenServer\domains\wp.ru/wp-content/plugins/wp-db-backup/wp-db-backup-sv_SE.mo
2016-12-18 13:28: Start backup file: C:\OpenServer\domains\wp.ru/wp-content/plugins/wp-db-backup/wp-db-backup-sv_SE.po
2016-12-18 13:28: End backup file: C:\OpenServer\domains\wp.ru/wp-content/plugins/wp-db-backup/wp-db-backup-sv_SE.po
2016-12-18 13:28: Start backup file: C:\OpenServer\domains\wp.ru/wp-content/plugins/wp-db-backup/wp-db-backup-tr_TR.mo
2016-12-18 13:28: End backup file: C:\OpenServer\domains\wp.ru/wp-content/plugins/wp-db-backup/wp-db-backup-tr_TR.mo
2016-12-18 13:28: Start backup file: C:\OpenServer\domains\wp.ru/wp-content/plugins/wp-db-backup/wp-db-backup-tr_TR.po
2016-12-18 13:28: End backup file: C:\OpenServer\domains\wp.ru/wp-content/plugins/wp-db-backup/wp-db-backup-tr_TR.po
2016-12-18 13:28: Start backup file: C:\OpenServer\domains\wp.ru/wp-content/plugins/wp-db-backup/wp-db-backup-zh_CN.mo
2016-12-18 13:28: End backup file: C:\OpenServer\domains\wp.ru/wp-content/plugins/wp-db-backup/wp-db-backup-zh_CN.mo
2016-12-18 13:28: Start backup file: C:\OpenServer\domains\wp.ru/wp-content/plugins/wp-db-backup/wp-db-backup-zh_CN.po
2016-12-18 13:28: End backup file: C:\OpenServer\domains\wp.ru/wp-content/plugins/wp-db-backup/wp-db-backup-zh_CN.po
2016-12-18 13:28: Start backup file: C:\OpenServer\domains\wp.ru/wp-content/plugins/wp-db-backup/wp-db-backup.php
2016-12-18 13:28: End backup file: C:\OpenServer\domains\wp.ru/wp-content/plugins/wp-db-backup/wp-db-backup.php
2016-12-18 13:28: Start backup file: C:\OpenServer\domains\wp.ru/wp-content/plugins/wp-db-backup/wp-db-backup.pot
2016-12-18 13:28: End backup file: C:\OpenServer\domains\wp.ru/wp-content/plugins/wp-db-backup/wp-db-backup.pot
2016-12-18 13:28: Start backup file: C:\OpenServer\domains\wp.ru/wp-content/themes/index.php
2016-12-18 13:28: End backup file: C:\OpenServer\domains\wp.ru/wp-content/themes/index.php
2016-12-18 13:28: Start backup file: C:\OpenServer\domains\wp.ru/wp-content/themes/twentyfourteen/404.php
2016-12-18 13:28: End backup file: C:\OpenServer\domains\wp.ru/wp-content/themes/twentyfourteen/404.php
2016-12-18 13:28: Start backup file: C:\OpenServer\domains\wp.ru/wp-content/themes/twentyfourteen/archive.php
2016-12-18 13:28: End backup file: C:\OpenServer\domains\wp.ru/wp-content/themes/twentyfourteen/archive.php
2016-12-18 13:28: Start backup file: C:\OpenServer\domains\wp.ru/wp-content/themes/twentyfourteen/author.php
2016-12-18 13:28: End backup file: C:\OpenServer\domains\wp.ru/wp-content/themes/twentyfourteen/author.php
2016-12-18 13:28: Start backup file: C:\OpenServer\domains\wp.ru/wp-content/themes/twentyfourteen/category.php
2016-12-18 13:28: End backup file: C:\OpenServer\domains\wp.ru/wp-content/themes/twentyfourteen/category.php
2016-12-18 13:28: Start backup file: C:\OpenServer\domains\wp.ru/wp-content/themes/twentyfourteen/comments.php
2016-12-18 13:28: End backup file: C:\OpenServer\domains\wp.ru/wp-content/themes/twentyfourteen/comments.php
2016-12-18 13:28: Start backup file: C:\OpenServer\domains\wp.ru/wp-content/themes/twentyfourteen/content-aside.php
2016-12-18 13:28: End backup file: C:\OpenServer\domains\wp.ru/wp-content/themes/twentyfourteen/content-aside.php
2016-12-18 13:28: Start backup file: C:\OpenServer\domains\wp.ru/wp-content/themes/twentyfourteen/content-audio.php
2016-12-18 13:28: End backup file: C:\OpenServer\domains\wp.ru/wp-content/themes/twentyfourteen/content-audio.php
2016-12-18 13:28: Start backup file: C:\OpenServer\domains\wp.ru/wp-content/themes/twentyfourteen/content-featured-post.php
2016-12-18 13:28: End backup file: C:\OpenServer\domains\wp.ru/wp-content/themes/twentyfourteen/content-featured-post.php
2016-12-18 13:28: Start backup file: C:\OpenServer\domains\wp.ru/wp-content/themes/twentyfourteen/content-gallery.php
2016-12-18 13:28: End backup file: C:\OpenServer\domains\wp.ru/wp-content/themes/twentyfourteen/content-gallery.php
2016-12-18 13:28: Start backup file: C:\OpenServer\domains\wp.ru/wp-content/themes/twentyfourteen/content-image.php
2016-12-18 13:28: End backup file: C:\OpenServer\domains\wp.ru/wp-content/themes/twentyfourteen/content-image.php
2016-12-18 13:28: Start backup file: C:\OpenServer\domains\wp.ru/wp-content/themes/twentyfourteen/content-link.php
2016-12-18 13:28: End backup file: C:\OpenServer\domains\wp.ru/wp-content/themes/twentyfourteen/content-link.php
2016-12-18 13:28: Start backup file: C:\OpenServer\domains\wp.ru/wp-content/themes/twentyfourteen/content-none.php
2016-12-18 13:28: End backup file: C:\OpenServer\domains\wp.ru/wp-content/themes/twentyfourteen/content-none.php
2016-12-18 13:28: Start backup file: C:\OpenServer\domains\wp.ru/wp-content/themes/twentyfourteen/content-page.php
2016-12-18 13:28: End backup file: C:\OpenServer\domains\wp.ru/wp-content/themes/twentyfourteen/content-page.php
2016-12-18 13:28: Start backup file: C:\OpenServer\domains\wp.ru/wp-content/themes/twentyfourteen/content-quote.php
2016-12-18 13:28: End backup file: C:\OpenServer\domains\wp.ru/wp-content/themes/twentyfourteen/content-quote.php
2016-12-18 13:28: Start backup file: C:\OpenServer\domains\wp.ru/wp-content/themes/twentyfourteen/content-video.php
2016-12-18 13:28: End backup file: C:\OpenServer\domains\wp.ru/wp-content/themes/twentyfourteen/content-video.php
2016-12-18 13:28: Start backup file: C:\OpenServer\domains\wp.ru/wp-content/themes/twentyfourteen/content.php
2016-12-18 13:28: End backup file: C:\OpenServer\domains\wp.ru/wp-content/themes/twentyfourteen/content.php
2016-12-18 13:28: Start backup file: C:\OpenServer\domains\wp.ru/wp-content/themes/twentyfourteen/css/editor-style.css
2016-12-18 13:28: End backup file: C:\OpenServer\domains\wp.ru/wp-content/themes/twentyfourteen/css/editor-style.css
2016-12-18 13:28: Start backup file: C:\OpenServer\domains\wp.ru/wp-content/themes/twentyfourteen/css/ie.css
2016-12-18 13:28: End backup file: C:\OpenServer\domains\wp.ru/wp-content/themes/twentyfourteen/css/ie.css
2016-12-18 13:28: Start backup file: C:\OpenServer\domains\wp.ru/wp-content/themes/twentyfourteen/featured-content.php
2016-12-18 13:28: End backup file: C:\OpenServer\domains\wp.ru/wp-content/themes/twentyfourteen/featured-content.php
2016-12-18 13:28: Start backup file: C:\OpenServer\domains\wp.ru/wp-content/themes/twentyfourteen/footer.php
2016-12-18 13:28: End backup file: C:\OpenServer\domains\wp.ru/wp-content/themes/twentyfourteen/footer.php
2016-12-18 13:28: Start backup file: C:\OpenServer\domains\wp.ru/wp-content/themes/twentyfourteen/functions.php
2016-12-18 13:28: End backup file: C:\OpenServer\domains\wp.ru/wp-content/themes/twentyfourteen/functions.php
2016-12-18 13:28: Start backup file: C:\OpenServer\domains\wp.ru/wp-content/themes/twentyfourteen/genericons/COPYING.txt
2016-12-18 13:28: End backup file: C:\OpenServer\domains\wp.ru/wp-content/themes/twentyfourteen/genericons/COPYING.txt
2016-12-18 13:28: Start backup file: C:\OpenServer\domains\wp.ru/wp-content/themes/twentyfourteen/genericons/font/genericons-regular-webfont.eot
2016-12-18 13:28: End backup file: C:\OpenServer\domains\wp.ru/wp-content/themes/twentyfourteen/genericons/font/genericons-regular-webfont.eot
2016-12-18 13:28: Start backup file: C:\OpenServer\domains\wp.ru/wp-content/themes/twentyfourteen/genericons/font/genericons-regular-webfont.svg
2016-12-18 13:28: End backup file: C:\OpenServer\domains\wp.ru/wp-content/themes/twentyfourteen/genericons/font/genericons-regular-webfont.svg
2016-12-18 13:28: Start backup file: C:\OpenServer\domains\wp.ru/wp-content/themes/twentyfourteen/genericons/font/genericons-regular-webfont.ttf
2016-12-18 13:28: End backup file: C:\OpenServer\domains\wp.ru/wp-content/themes/twentyfourteen/genericons/font/genericons-regular-webfont.ttf
2016-12-18 13:28: Start backup file: C:\OpenServer\domains\wp.ru/wp-content/themes/twentyfourteen/genericons/font/genericons-regular-webfont.woff
2016-12-18 13:28: End backup file: C:\OpenServer\domains\wp.ru/wp-content/themes/twentyfourteen/genericons/font/genericons-regular-webfont.woff
2016-12-18 13:28: Start backup file: C:\OpenServer\domains\wp.ru/wp-content/themes/twentyfourteen/genericons/Genericons-Regular.otf
2016-12-18 13:28: End backup file: C:\OpenServer\domains\wp.ru/wp-content/themes/twentyfourteen/genericons/Genericons-Regular.otf
2016-12-18 13:28: Start backup file: C:\OpenServer\domains\wp.ru/wp-content/themes/twentyfourteen/genericons/genericons.css
2016-12-18 13:28: End backup file: C:\OpenServer\domains\wp.ru/wp-content/themes/twentyfourteen/genericons/genericons.css
2016-12-18 13:28: Start backup file: C:\OpenServer\domains\wp.ru/wp-content/themes/twentyfourteen/genericons/LICENSE.txt
2016-12-18 13:28: End backup file: C:\OpenServer\domains\wp.ru/wp-content/themes/twentyfourteen/genericons/LICENSE.txt
2016-12-18 13:28: Start backup file: C:\OpenServer\domains\wp.ru/wp-content/themes/twentyfourteen/genericons/README.txt
2016-12-18 13:28: End backup file: C:\OpenServer\domains\wp.ru/wp-content/themes/twentyfourteen/genericons/README.txt
2016-12-18 13:28: Start backup file: C:\OpenServer\domains\wp.ru/wp-content/themes/twentyfourteen/header.php
2016-12-18 13:28: End backup file: C:\OpenServer\domains\wp.ru/wp-content/themes/twentyfourteen/header.php
2016-12-18 13:28: Start backup file: C:\OpenServer\domains\wp.ru/wp-content/themes/twentyfourteen/image.php
2016-12-18 13:28: End backup file: C:\OpenServer\domains\wp.ru/wp-content/themes/twentyfourteen/image.php
2016-12-18 13:28: Start backup file: C:\OpenServer\domains\wp.ru/wp-content/themes/twentyfourteen/images/pattern-dark.svg
2016-12-18 13:28: End backup file: C:\OpenServer\domains\wp.ru/wp-content/themes/twentyfourteen/images/pattern-dark.svg
2016-12-18 13:28: Start backup file: C:\OpenServer\domains\wp.ru/wp-content/themes/twentyfourteen/images/pattern-light.svg
2016-12-18 13:28: End backup file: C:\OpenServer\domains\wp.ru/wp-content/themes/twentyfourteen/images/pattern-light.svg
2016-12-18 13:28: Start backup file: C:\OpenServer\domains\wp.ru/wp-content/themes/twentyfourteen/inc/back-compat.php
2016-12-18 13:28: End backup file: C:\OpenServer\domains\wp.ru/wp-content/themes/twentyfourteen/inc/back-compat.php
2016-12-18 13:28: Start backup file: C:\OpenServer\domains\wp.ru/wp-content/themes/twentyfourteen/inc/custom-header.php
2016-12-18 13:28: End backup file: C:\OpenServer\domains\wp.ru/wp-content/themes/twentyfourteen/inc/custom-header.php
2016-12-18 13:28: Start backup file: C:\OpenServer\domains\wp.ru/wp-content/themes/twentyfourteen/inc/customizer.php
2016-12-18 13:28: End backup file: C:\OpenServer\domains\wp.ru/wp-content/themes/twentyfourteen/inc/customizer.php
2016-12-18 13:28: Start backup file: C:\OpenServer\domains\wp.ru/wp-content/themes/twentyfourteen/inc/featured-content.php
2016-12-18 13:28: End backup file: C:\OpenServer\domains\wp.ru/wp-content/themes/twentyfourteen/inc/featured-content.php
2016-12-18 13:28: Start backup file: C:\OpenServer\domains\wp.ru/wp-content/themes/twentyfourteen/inc/template-tags.php
2016-12-18 13:28: End backup file: C:\OpenServer\domains\wp.ru/wp-content/themes/twentyfourteen/inc/template-tags.php
2016-12-18 13:28: Start backup file: C:\OpenServer\domains\wp.ru/wp-content/themes/twentyfourteen/inc/widgets.php
2016-12-18 13:28: End backup file: C:\OpenServer\domains\wp.ru/wp-content/themes/twentyfourteen/inc/widgets.php
2016-12-18 13:28: Start backup file: C:\OpenServer\domains\wp.ru/wp-content/themes/twentyfourteen/index.php
2016-12-18 13:28: End backup file: C:\OpenServer\domains\wp.ru/wp-content/themes/twentyfourteen/index.php
2016-12-18 13:28: Start backup file: C:\OpenServer\domains\wp.ru/wp-content/themes/twentyfourteen/js/customizer.js
2016-12-18 13:28: End backup file: C:\OpenServer\domains\wp.ru/wp-content/themes/twentyfourteen/js/customizer.js
2016-12-18 13:28: Start backup file: C:\OpenServer\domains\wp.ru/wp-content/themes/twentyfourteen/js/featured-content-admin.js
2016-12-18 13:28: End backup file: C:\OpenServer\domains\wp.ru/wp-content/themes/twentyfourteen/js/featured-content-admin.js
2016-12-18 13:28: Start backup file: C:\OpenServer\domains\wp.ru/wp-content/themes/twentyfourteen/js/functions.js
2016-12-18 13:28: End backup file: C:\OpenServer\domains\wp.ru/wp-content/themes/twentyfourteen/js/functions.js
2016-12-18 13:28: Start backup file: C:\OpenServer\domains\wp.ru/wp-content/themes/twentyfourteen/js/html5.js
2016-12-18 13:28: End backup file: C:\OpenServer\domains\wp.ru/wp-content/themes/twentyfourteen/js/html5.js
2016-12-18 13:28: Start backup file: C:\OpenServer\domains\wp.ru/wp-content/themes/twentyfourteen/js/keyboard-image-navigation.js
2016-12-18 13:28: End backup file: C:\OpenServer\domains\wp.ru/wp-content/themes/twentyfourteen/js/keyboard-image-navigation.js
2016-12-18 13:28: Start backup file: C:\OpenServer\domains\wp.ru/wp-content/themes/twentyfourteen/js/slider.js
2016-12-18 13:28: End backup file: C:\OpenServer\domains\wp.ru/wp-content/themes/twentyfourteen/js/slider.js
2016-12-18 13:28: Start backup file: C:\OpenServer\domains\wp.ru/wp-content/themes/twentyfourteen/languages/twentyfourteen.pot
2016-12-18 13:28: End backup file: C:\OpenServer\domains\wp.ru/wp-content/themes/twentyfourteen/languages/twentyfourteen.pot
2016-12-18 13:28: Start backup file: C:\OpenServer\domains\wp.ru/wp-content/themes/twentyfourteen/page-templates/contributors.php
2016-12-18 13:28: End backup file: C:\OpenServer\domains\wp.ru/wp-content/themes/twentyfourteen/page-templates/contributors.php
2016-12-18 13:28: Start backup file: C:\OpenServer\domains\wp.ru/wp-content/themes/twentyfourteen/page-templates/full-width.php
2016-12-18 13:28: End backup file: C:\OpenServer\domains\wp.ru/wp-content/themes/twentyfourteen/page-templates/full-width.php
2016-12-18 13:28: Start backup file: C:\OpenServer\domains\wp.ru/wp-content/themes/twentyfourteen/page.php
2016-12-18 13:28: End backup file: C:\OpenServer\domains\wp.ru/wp-content/themes/twentyfourteen/page.php
2016-12-18 13:28: Start backup file: C:\OpenServer\domains\wp.ru/wp-content/themes/twentyfourteen/rtl.css
2016-12-18 13:28: End backup file: C:\OpenServer\domains\wp.ru/wp-content/themes/twentyfourteen/rtl.css
2016-12-18 13:28: Start backup file: C:\OpenServer\domains\wp.ru/wp-content/themes/twentyfourteen/screenshot.png
2016-12-18 13:28: End backup file: C:\OpenServer\domains\wp.ru/wp-content/themes/twentyfourteen/screenshot.png
2016-12-18 13:28: Start backup file: C:\OpenServer\domains\wp.ru/wp-content/themes/twentyfourteen/search.php
2016-12-18 13:28: End backup file: C:\OpenServer\domains\wp.ru/wp-content/themes/twentyfourteen/search.php
2016-12-18 13:28: Start backup file: C:\OpenServer\domains\wp.ru/wp-content/themes/twentyfourteen/sidebar-content.php
2016-12-18 13:28: End backup file: C:\OpenServer\domains\wp.ru/wp-content/themes/twentyfourteen/sidebar-content.php
2016-12-18 13:28: Start backup file: C:\OpenServer\domains\wp.ru/wp-content/themes/twentyfourteen/sidebar-footer.php
2016-12-18 13:28: End backup file: C:\OpenServer\domains\wp.ru/wp-content/themes/twentyfourteen/sidebar-footer.php
2016-12-18 13:28: Start backup file: C:\OpenServer\domains\wp.ru/wp-content/themes/twentyfourteen/sidebar.php
2016-12-18 13:28: End backup file: C:\OpenServer\domains\wp.ru/wp-content/themes/twentyfourteen/sidebar.php
2016-12-18 13:28: Start backup file: C:\OpenServer\domains\wp.ru/wp-content/themes/twentyfourteen/single.php
2016-12-18 13:28: End backup file: C:\OpenServer\domains\wp.ru/wp-content/themes/twentyfourteen/single.php
2016-12-18 13:28: Start backup file: C:\OpenServer\domains\wp.ru/wp-content/themes/twentyfourteen/style.css
2016-12-18 13:28: End backup file: C:\OpenServer\domains\wp.ru/wp-content/themes/twentyfourteen/style.css
2016-12-18 13:28: Start backup file: C:\OpenServer\domains\wp.ru/wp-content/themes/twentyfourteen/tag.php
2016-12-18 13:28: End backup file: C:\OpenServer\domains\wp.ru/wp-content/themes/twentyfourteen/tag.php
2016-12-18 13:28: Start backup file: C:\OpenServer\domains\wp.ru/wp-content/themes/twentyfourteen/taxonomy-post_format.php
2016-12-18 13:28: End backup file: C:\OpenServer\domains\wp.ru/wp-content/themes/twentyfourteen/taxonomy-post_format.php
2016-12-18 13:28: Start backup file: C:\OpenServer\domains\wp.ru/wp-content/themes/twentythirteen/404.php
2016-12-18 13:28: End backup file: C:\OpenServer\domains\wp.ru/wp-content/themes/twentythirteen/404.php
2016-12-18 13:28: Start backup file: C:\OpenServer\domains\wp.ru/wp-content/themes/twentythirteen/archive.php
2016-12-18 13:28: End backup file: C:\OpenServer\domains\wp.ru/wp-content/themes/twentythirteen/archive.php
2016-12-18 13:28: Start backup file: C:\OpenServer\domains\wp.ru/wp-content/themes/twentythirteen/author-bio.php
2016-12-18 13:28: End backup file: C:\OpenServer\domains\wp.ru/wp-content/themes/twentythirteen/author-bio.php
2016-12-18 13:28: Start backup file: C:\OpenServer\domains\wp.ru/wp-content/themes/twentythirteen/author.php
2016-12-18 13:28: End backup file: C:\OpenServer\domains\wp.ru/wp-content/themes/twentythirteen/author.php
2016-12-18 13:28: Start backup file: C:\OpenServer\domains\wp.ru/wp-content/themes/twentythirteen/category.php
2016-12-18 13:28: End backup file: C:\OpenServer\domains\wp.ru/wp-content/themes/twentythirteen/category.php
2016-12-18 13:28: Start backup file: C:\OpenServer\domains\wp.ru/wp-content/themes/twentythirteen/comments.php
2016-12-18 13:28: End backup file: C:\OpenServer\domains\wp.ru/wp-content/themes/twentythirteen/comments.php
2016-12-18 13:28: Start backup file: C:\OpenServer\domains\wp.ru/wp-content/themes/twentythirteen/content-aside.php
2016-12-18 13:28: End backup file: C:\OpenServer\domains\wp.ru/wp-content/themes/twentythirteen/content-aside.php
2016-12-18 13:28: Start backup file: C:\OpenServer\domains\wp.ru/wp-content/themes/twentythirteen/content-audio.php
2016-12-18 13:28: End backup file: C:\OpenServer\domains\wp.ru/wp-content/themes/twentythirteen/content-audio.php
2016-12-18 13:28: Start backup file: C:\OpenServer\domains\wp.ru/wp-content/themes/twentythirteen/content-chat.php
2016-12-18 13:28: End backup file: C:\OpenServer\domains\wp.ru/wp-content/themes/twentythirteen/content-chat.php
2016-12-18 13:28: Start backup file: C:\OpenServer\domains\wp.ru/wp-content/themes/twentythirteen/content-gallery.php
2016-12-18 13:28: End backup file: C:\OpenServer\domains\wp.ru/wp-content/themes/twentythirteen/content-gallery.php
2016-12-18 13:28: Start backup file: C:\OpenServer\domains\wp.ru/wp-content/themes/twentythirteen/content-image.php
2016-12-18 13:28: End backup file: C:\OpenServer\domains\wp.ru/wp-content/themes/twentythirteen/content-image.php
2016-12-18 13:28: Start backup file: C:\OpenServer\domains\wp.ru/wp-content/themes/twentythirteen/content-link.php
2016-12-18 13:28: End backup file: C:\OpenServer\domains\wp.ru/wp-content/themes/twentythirteen/content-link.php
2016-12-18 13:28: Start backup file: C:\OpenServer\domains\wp.ru/wp-content/themes/twentythirteen/content-none.php
2016-12-18 13:28: End backup file: C:\OpenServer\domains\wp.ru/wp-content/themes/twentythirteen/content-none.php
2016-12-18 13:28: Start backup file: C:\OpenServer\domains\wp.ru/wp-content/themes/twentythirteen/content-quote.php
2016-12-18 13:28: End backup file: C:\OpenServer\domains\wp.ru/wp-content/themes/twentythirteen/content-quote.php
2016-12-18 13:28: Start backup file: C:\OpenServer\domains\wp.ru/wp-content/themes/twentythirteen/content-status.php
2016-12-18 13:28: End backup file: C:\OpenServer\domains\wp.ru/wp-content/themes/twentythirteen/content-status.php
2016-12-18 13:28: Start backup file: C:\OpenServer\domains\wp.ru/wp-content/themes/twentythirteen/content-video.php
2016-12-18 13:28: End backup file: C:\OpenServer\domains\wp.ru/wp-content/themes/twentythirteen/content-video.php
2016-12-18 13:28: Start backup file: C:\OpenServer\domains\wp.ru/wp-content/themes/twentythirteen/content.php
2016-12-18 13:28: End backup file: C:\OpenServer\domains\wp.ru/wp-content/themes/twentythirteen/content.php
2016-12-18 13:28: Start backup file: C:\OpenServer\domains\wp.ru/wp-content/themes/twentythirteen/css/editor-style.css
2016-12-18 13:28: End backup file: C:\OpenServer\domains\wp.ru/wp-content/themes/twentythirteen/css/editor-style.css
2016-12-18 13:28: Start backup file: C:\OpenServer\domains\wp.ru/wp-content/themes/twentythirteen/css/ie.css
2016-12-18 13:28: End backup file: C:\OpenServer\domains\wp.ru/wp-content/themes/twentythirteen/css/ie.css
2016-12-18 13:28: Start backup file: C:\OpenServer\domains\wp.ru/wp-content/themes/twentythirteen/fonts/COPYING.txt
2016-12-18 13:28: End backup file: C:\OpenServer\domains\wp.ru/wp-content/themes/twentythirteen/fonts/COPYING.txt
2016-12-18 13:28: Start backup file: C:\OpenServer\domains\wp.ru/wp-content/themes/twentythirteen/fonts/genericons-regular-webfont.eot
2016-12-18 13:28: End backup file: C:\OpenServer\domains\wp.ru/wp-content/themes/twentythirteen/fonts/genericons-regular-webfont.eot
2016-12-18 13:28: Start backup file: C:\OpenServer\domains\wp.ru/wp-content/themes/twentythirteen/fonts/genericons-regular-webfont.svg
2016-12-18 13:28: End backup file: C:\OpenServer\domains\wp.ru/wp-content/themes/twentythirteen/fonts/genericons-regular-webfont.svg
2016-12-18 13:28: Start backup file: C:\OpenServer\domains\wp.ru/wp-content/themes/twentythirteen/fonts/genericons-regular-webfont.ttf
2016-12-18 13:28: End backup file: C:\OpenServer\domains\wp.ru/wp-content/themes/twentythirteen/fonts/genericons-regular-webfont.ttf
2016-12-18 13:28: Start backup file: C:\OpenServer\domains\wp.ru/wp-content/themes/twentythirteen/fonts/genericons-regular-webfont.woff
2016-12-18 13:28: End backup file: C:\OpenServer\domains\wp.ru/wp-content/themes/twentythirteen/fonts/genericons-regular-webfont.woff
2016-12-18 13:28: Start backup file: C:\OpenServer\domains\wp.ru/wp-content/themes/twentythirteen/fonts/genericons.css
2016-12-18 13:28: End backup file: C:\OpenServer\domains\wp.ru/wp-content/themes/twentythirteen/fonts/genericons.css
2016-12-18 13:28: Start backup file: C:\OpenServer\domains\wp.ru/wp-content/themes/twentythirteen/fonts/LICENSE.txt
2016-12-18 13:28: End backup file: C:\OpenServer\domains\wp.ru/wp-content/themes/twentythirteen/fonts/LICENSE.txt
2016-12-18 13:28: Start backup file: C:\OpenServer\domains\wp.ru/wp-content/themes/twentythirteen/footer.php
2016-12-18 13:28: End backup file: C:\OpenServer\domains\wp.ru/wp-content/themes/twentythirteen/footer.php
2016-12-18 13:28: Start backup file: C:\OpenServer\domains\wp.ru/wp-content/themes/twentythirteen/functions.php
2016-12-18 13:28: End backup file: C:\OpenServer\domains\wp.ru/wp-content/themes/twentythirteen/functions.php
2016-12-18 13:28: Start backup file: C:\OpenServer\domains\wp.ru/wp-content/themes/twentythirteen/header.php
2016-12-18 13:28: End backup file: C:\OpenServer\domains\wp.ru/wp-content/themes/twentythirteen/header.php
2016-12-18 13:28: Start backup file: C:\OpenServer\domains\wp.ru/wp-content/themes/twentythirteen/image.php
2016-12-18 13:28: End backup file: C:\OpenServer\domains\wp.ru/wp-content/themes/twentythirteen/image.php
2016-12-18 13:28: Start backup file: C:\OpenServer\domains\wp.ru/wp-content/themes/twentythirteen/images/dotted-line-2x.png
2016-12-18 13:28: End backup file: C:\OpenServer\domains\wp.ru/wp-content/themes/twentythirteen/images/dotted-line-2x.png
2016-12-18 13:28: Start backup file: C:\OpenServer\domains\wp.ru/wp-content/themes/twentythirteen/images/dotted-line-light-2x.png
2016-12-18 13:28: End backup file: C:\OpenServer\domains\wp.ru/wp-content/themes/twentythirteen/images/dotted-line-light-2x.png
2016-12-18 13:28: Start backup file: C:\OpenServer\domains\wp.ru/wp-content/themes/twentythirteen/images/dotted-line-light.png
2016-12-18 13:28: End backup file: C:\OpenServer\domains\wp.ru/wp-content/themes/twentythirteen/images/dotted-line-light.png
2016-12-18 13:28: Start backup file: C:\OpenServer\domains\wp.ru/wp-content/themes/twentythirteen/images/dotted-line.png
2016-12-18 13:28: End backup file: C:\OpenServer\domains\wp.ru/wp-content/themes/twentythirteen/images/dotted-line.png
2016-12-18 13:28: Start backup file: C:\OpenServer\domains\wp.ru/wp-content/themes/twentythirteen/images/headers/circle-thumbnail.png
2016-12-18 13:28: End backup file: C:\OpenServer\domains\wp.ru/wp-content/themes/twentythirteen/images/headers/circle-thumbnail.png
2016-12-18 13:28: Start backup file: C:\OpenServer\domains\wp.ru/wp-content/themes/twentythirteen/images/headers/circle.png
2016-12-18 13:28: End backup file: C:\OpenServer\domains\wp.ru/wp-content/themes/twentythirteen/images/headers/circle.png
2016-12-18 13:28: Start backup file: C:\OpenServer\domains\wp.ru/wp-content/themes/twentythirteen/images/headers/diamond-thumbnail.png
2016-12-18 13:28: End backup file: C:\OpenServer\domains\wp.ru/wp-content/themes/twentythirteen/images/headers/diamond-thumbnail.png
2016-12-18 13:28: Start backup file: C:\OpenServer\domains\wp.ru/wp-content/themes/twentythirteen/images/headers/diamond.png
2016-12-18 13:28: End backup file: C:\OpenServer\domains\wp.ru/wp-content/themes/twentythirteen/images/headers/diamond.png
2016-12-18 13:28: Start backup file: C:\OpenServer\domains\wp.ru/wp-content/themes/twentythirteen/images/headers/star-thumbnail.png
2016-12-18 13:28: End backup file: C:\OpenServer\domains\wp.ru/wp-content/themes/twentythirteen/images/headers/star-thumbnail.png
2016-12-18 13:28: Start backup file: C:\OpenServer\domains\wp.ru/wp-content/themes/twentythirteen/images/headers/star.png
2016-12-18 13:28: End backup file: C:\OpenServer\domains\wp.ru/wp-content/themes/twentythirteen/images/headers/star.png
2016-12-18 13:28: Start backup file: C:\OpenServer\domains\wp.ru/wp-content/themes/twentythirteen/images/search-icon-2x.png
2016-12-18 13:28: End backup file: C:\OpenServer\domains\wp.ru/wp-content/themes/twentythirteen/images/search-icon-2x.png
2016-12-18 13:28: Start backup file: C:\OpenServer\domains\wp.ru/wp-content/themes/twentythirteen/images/search-icon.png
2016-12-18 13:28: End backup file: C:\OpenServer\domains\wp.ru/wp-content/themes/twentythirteen/images/search-icon.png
2016-12-18 13:28: Start backup file: C:\OpenServer\domains\wp.ru/wp-content/themes/twentythirteen/inc/back-compat.php
2016-12-18 13:28: End backup file: C:\OpenServer\domains\wp.ru/wp-content/themes/twentythirteen/inc/back-compat.php
2016-12-18 13:28: Start backup file: C:\OpenServer\domains\wp.ru/wp-content/themes/twentythirteen/inc/custom-header.php
2016-12-18 13:28: End backup file: C:\OpenServer\domains\wp.ru/wp-content/themes/twentythirteen/inc/custom-header.php
2016-12-18 13:28: Start backup file: C:\OpenServer\domains\wp.ru/wp-content/themes/twentythirteen/index.php
2016-12-18 13:28: End backup file: C:\OpenServer\domains\wp.ru/wp-content/themes/twentythirteen/index.php
2016-12-18 13:28: Start backup file: C:\OpenServer\domains\wp.ru/wp-content/themes/twentythirteen/js/functions.js
2016-12-18 13:28: End backup file: C:\OpenServer\domains\wp.ru/wp-content/themes/twentythirteen/js/functions.js
2016-12-18 13:28: Start backup file: C:\OpenServer\domains\wp.ru/wp-content/themes/twentythirteen/js/html5.js
2016-12-18 13:28: End backup file: C:\OpenServer\domains\wp.ru/wp-content/themes/twentythirteen/js/html5.js
2016-12-18 13:28: Start backup file: C:\OpenServer\domains\wp.ru/wp-content/themes/twentythirteen/js/theme-customizer.js
2016-12-18 13:28: End backup file: C:\OpenServer\domains\wp.ru/wp-content/themes/twentythirteen/js/theme-customizer.js
2016-12-18 13:28: Start backup file: C:\OpenServer\domains\wp.ru/wp-content/themes/twentythirteen/languages/twentythirteen.pot
2016-12-18 13:28: End backup file: C:\OpenServer\domains\wp.ru/wp-content/themes/twentythirteen/languages/twentythirteen.pot
2016-12-18 13:28: Start backup file: C:\OpenServer\domains\wp.ru/wp-content/themes/twentythirteen/page.php
2016-12-18 13:28: End backup file: C:\OpenServer\domains\wp.ru/wp-content/themes/twentythirteen/page.php
2016-12-18 13:28: Start backup file: C:\OpenServer\domains\wp.ru/wp-content/themes/twentythirteen/rtl.css
2016-12-18 13:28: End backup file: C:\OpenServer\domains\wp.ru/wp-content/themes/twentythirteen/rtl.css
2016-12-18 13:28: Start backup file: C:\OpenServer\domains\wp.ru/wp-content/themes/twentythirteen/screenshot.png
2016-12-18 13:28: End backup file: C:\OpenServer\domains\wp.ru/wp-content/themes/twentythirteen/screenshot.png
2016-12-18 13:28: Start backup file: C:\OpenServer\domains\wp.ru/wp-content/themes/twentythirteen/search.php
2016-12-18 13:28: End backup file: C:\OpenServer\domains\wp.ru/wp-content/themes/twentythirteen/search.php
2016-12-18 13:28: Start backup file: C:\OpenServer\domains\wp.ru/wp-content/themes/twentythirteen/sidebar-main.php
2016-12-18 13:28: End backup file: C:\OpenServer\domains\wp.ru/wp-content/themes/twentythirteen/sidebar-main.php
2016-12-18 13:28: Start backup file: C:\OpenServer\domains\wp.ru/wp-content/themes/twentythirteen/sidebar.php
2016-12-18 13:28: End backup file: C:\OpenServer\domains\wp.ru/wp-content/themes/twentythirteen/sidebar.php
2016-12-18 13:28: Start backup file: C:\OpenServer\domains\wp.ru/wp-content/themes/twentythirteen/single.php
2016-12-18 13:28: End backup file: C:\OpenServer\domains\wp.ru/wp-content/themes/twentythirteen/single.php
2016-12-18 13:28: Start backup file: C:\OpenServer\domains\wp.ru/wp-content/themes/twentythirteen/style.css
2016-12-18 13:28: End backup file: C:\OpenServer\domains\wp.ru/wp-content/themes/twentythirteen/style.css
2016-12-18 13:28: Start backup file: C:\OpenServer\domains\wp.ru/wp-content/themes/twentythirteen/tag.php
2016-12-18 13:28: End backup file: C:\OpenServer\domains\wp.ru/wp-content/themes/twentythirteen/tag.php
2016-12-18 13:28: Start backup file: C:\OpenServer\domains\wp.ru/wp-content/themes/twentythirteen/taxonomy-post_format.php
2016-12-18 13:28: End backup file: C:\OpenServer\domains\wp.ru/wp-content/themes/twentythirteen/taxonomy-post_format.php
2016-12-18 13:28: Start backup file: C:\OpenServer\domains\wp.ru/wp-content/themes/twentytwelve/404.php
2016-12-18 13:28: End backup file: C:\OpenServer\domains\wp.ru/wp-content/themes/twentytwelve/404.php
2016-12-18 13:28: Start backup file: C:\OpenServer\domains\wp.ru/wp-content/themes/twentytwelve/archive.php
2016-12-18 13:28: End backup file: C:\OpenServer\domains\wp.ru/wp-content/themes/twentytwelve/archive.php
2016-12-18 13:28: Start backup file: C:\OpenServer\domains\wp.ru/wp-content/themes/twentytwelve/author.php
2016-12-18 13:28: End backup file: C:\OpenServer\domains\wp.ru/wp-content/themes/twentytwelve/author.php
2016-12-18 13:28: Start backup file: C:\OpenServer\domains\wp.ru/wp-content/themes/twentytwelve/category.php
2016-12-18 13:28: End backup file: C:\OpenServer\domains\wp.ru/wp-content/themes/twentytwelve/category.php
2016-12-18 13:28: Start backup file: C:\OpenServer\domains\wp.ru/wp-content/themes/twentytwelve/comments.php
2016-12-18 13:28: End backup file: C:\OpenServer\domains\wp.ru/wp-content/themes/twentytwelve/comments.php
2016-12-18 13:28: Start backup file: C:\OpenServer\domains\wp.ru/wp-content/themes/twentytwelve/content-aside.php
2016-12-18 13:28: End backup file: C:\OpenServer\domains\wp.ru/wp-content/themes/twentytwelve/content-aside.php
2016-12-18 13:28: Start backup file: C:\OpenServer\domains\wp.ru/wp-content/themes/twentytwelve/content-image.php
2016-12-18 13:28: End backup file: C:\OpenServer\domains\wp.ru/wp-content/themes/twentytwelve/content-image.php
2016-12-18 13:28: Start backup file: C:\OpenServer\domains\wp.ru/wp-content/themes/twentytwelve/content-link.php
2016-12-18 13:28: End backup file: C:\OpenServer\domains\wp.ru/wp-content/themes/twentytwelve/content-link.php
2016-12-18 13:28: Start backup file: C:\OpenServer\domains\wp.ru/wp-content/themes/twentytwelve/content-none.php
2016-12-18 13:28: End backup file: C:\OpenServer\domains\wp.ru/wp-content/themes/twentytwelve/content-none.php
2016-12-18 13:28: Start backup file: C:\OpenServer\domains\wp.ru/wp-content/themes/twentytwelve/content-page.php
2016-12-18 13:28: End backup file: C:\OpenServer\domains\wp.ru/wp-content/themes/twentytwelve/content-page.php
2016-12-18 13:28: Start backup file: C:\OpenServer\domains\wp.ru/wp-content/themes/twentytwelve/content-quote.php
2016-12-18 13:28: End backup file: C:\OpenServer\domains\wp.ru/wp-content/themes/twentytwelve/content-quote.php
2016-12-18 13:28: Start backup file: C:\OpenServer\domains\wp.ru/wp-content/themes/twentytwelve/content-status.php
2016-12-18 13:28: End backup file: C:\OpenServer\domains\wp.ru/wp-content/themes/twentytwelve/content-status.php
2016-12-18 13:28: Start backup file: C:\OpenServer\domains\wp.ru/wp-content/themes/twentytwelve/content.php
2016-12-18 13:28: End backup file: C:\OpenServer\domains\wp.ru/wp-content/themes/twentytwelve/content.php
2016-12-18 13:28: Start backup file: C:\OpenServer\domains\wp.ru/wp-content/themes/twentytwelve/css/ie.css
2016-12-18 13:28: End backup file: C:\OpenServer\domains\wp.ru/wp-content/themes/twentytwelve/css/ie.css
2016-12-18 13:28: Start backup file: C:\OpenServer\domains\wp.ru/wp-content/themes/twentytwelve/editor-style-rtl.css
2016-12-18 13:28: End backup file: C:\OpenServer\domains\wp.ru/wp-content/themes/twentytwelve/editor-style-rtl.css
2016-12-18 13:28: Start backup file: C:\OpenServer\domains\wp.ru/wp-content/themes/twentytwelve/editor-style.css
2016-12-18 13:28: End backup file: C:\OpenServer\domains\wp.ru/wp-content/themes/twentytwelve/editor-style.css
2016-12-18 13:28: Start backup file: C:\OpenServer\domains\wp.ru/wp-content/themes/twentytwelve/footer.php
2016-12-18 13:28: End backup file: C:\OpenServer\domains\wp.ru/wp-content/themes/twentytwelve/footer.php
2016-12-18 13:28: Start backup file: C:\OpenServer\domains\wp.ru/wp-content/themes/twentytwelve/functions.php
2016-12-18 13:28: End backup file: C:\OpenServer\domains\wp.ru/wp-content/themes/twentytwelve/functions.php
2016-12-18 13:28: Start backup file: C:\OpenServer\domains\wp.ru/wp-content/themes/twentytwelve/header.php
2016-12-18 13:28: End backup file: C:\OpenServer\domains\wp.ru/wp-content/themes/twentytwelve/header.php
2016-12-18 13:28: Start backup file: C:\OpenServer\domains\wp.ru/wp-content/themes/twentytwelve/image.php
2016-12-18 13:28: End backup file: C:\OpenServer\domains\wp.ru/wp-content/themes/twentytwelve/image.php
2016-12-18 13:28: Start backup file: C:\OpenServer\domains\wp.ru/wp-content/themes/twentytwelve/inc/custom-header.php
2016-12-18 13:28: End backup file: C:\OpenServer\domains\wp.ru/wp-content/themes/twentytwelve/inc/custom-header.php
2016-12-18 13:28: Start backup file: C:\OpenServer\domains\wp.ru/wp-content/themes/twentytwelve/index.php
2016-12-18 13:28: End backup file: C:\OpenServer\domains\wp.ru/wp-content/themes/twentytwelve/index.php
2016-12-18 13:28: Start backup file: C:\OpenServer\domains\wp.ru/wp-content/themes/twentytwelve/js/html5.js
2016-12-18 13:28: End backup file: C:\OpenServer\domains\wp.ru/wp-content/themes/twentytwelve/js/html5.js
2016-12-18 13:28: Start backup file: C:\OpenServer\domains\wp.ru/wp-content/themes/twentytwelve/js/navigation.js
2016-12-18 13:28: End backup file: C:\OpenServer\domains\wp.ru/wp-content/themes/twentytwelve/js/navigation.js
2016-12-18 13:28: Start backup file: C:\OpenServer\domains\wp.ru/wp-content/themes/twentytwelve/js/theme-customizer.js
2016-12-18 13:28: End backup file: C:\OpenServer\domains\wp.ru/wp-content/themes/twentytwelve/js/theme-customizer.js
2016-12-18 13:28: Start backup file: C:\OpenServer\domains\wp.ru/wp-content/themes/twentytwelve/languages/twentytwelve.pot
2016-12-18 13:28: End backup file: C:\OpenServer\domains\wp.ru/wp-content/themes/twentytwelve/languages/twentytwelve.pot
2016-12-18 13:28: Start backup file: C:\OpenServer\domains\wp.ru/wp-content/themes/twentytwelve/page-templates/front-page.php
2016-12-18 13:28: End backup file: C:\OpenServer\domains\wp.ru/wp-content/themes/twentytwelve/page-templates/front-page.php
2016-12-18 13:28: Start backup file: C:\OpenServer\domains\wp.ru/wp-content/themes/twentytwelve/page-templates/full-width.php
2016-12-18 13:28: End backup file: C:\OpenServer\domains\wp.ru/wp-content/themes/twentytwelve/page-templates/full-width.php
2016-12-18 13:28: Start backup file: C:\OpenServer\domains\wp.ru/wp-content/themes/twentytwelve/page.php
2016-12-18 13:28: End backup file: C:\OpenServer\domains\wp.ru/wp-content/themes/twentytwelve/page.php
2016-12-18 13:28: Start backup file: C:\OpenServer\domains\wp.ru/wp-content/themes/twentytwelve/rtl.css
2016-12-18 13:28: End backup file: C:\OpenServer\domains\wp.ru/wp-content/themes/twentytwelve/rtl.css
2016-12-18 13:28: Start backup file: C:\OpenServer\domains\wp.ru/wp-content/themes/twentytwelve/screenshot.png
2016-12-18 13:28: End backup file: C:\OpenServer\domains\wp.ru/wp-content/themes/twentytwelve/screenshot.png
2016-12-18 13:28: Start backup file: C:\OpenServer\domains\wp.ru/wp-content/themes/twentytwelve/search.php
2016-12-18 13:28: End backup file: C:\OpenServer\domains\wp.ru/wp-content/themes/twentytwelve/search.php
2016-12-18 13:28: Start backup file: C:\OpenServer\domains\wp.ru/wp-content/themes/twentytwelve/sidebar-front.php
2016-12-18 13:28: End backup file: C:\OpenServer\domains\wp.ru/wp-content/themes/twentytwelve/sidebar-front.php
2016-12-18 13:28: Start backup file: C:\OpenServer\domains\wp.ru/wp-content/themes/twentytwelve/sidebar.php
2016-12-18 13:28: End backup file: C:\OpenServer\domains\wp.ru/wp-content/themes/twentytwelve/sidebar.php
2016-12-18 13:28: Start backup file: C:\OpenServer\domains\wp.ru/wp-content/themes/twentytwelve/single.php
2016-12-18 13:28: End backup file: C:\OpenServer\domains\wp.ru/wp-content/themes/twentytwelve/single.php
2016-12-18 13:28: Start backup file: C:\OpenServer\domains\wp.ru/wp-content/themes/twentytwelve/style.css
2016-12-18 13:28: End backup file: C:\OpenServer\domains\wp.ru/wp-content/themes/twentytwelve/style.css
2016-12-18 13:28: Start backup file: C:\OpenServer\domains\wp.ru/wp-content/themes/twentytwelve/tag.php
2016-12-18 13:28: End backup file: C:\OpenServer\domains\wp.ru/wp-content/themes/twentytwelve/tag.php
2016-12-18 13:28: Start backup file: C:\OpenServer\domains\wp.ru/wp-content/uploads/2016/12/01-1024x599.jpg
2016-12-18 13:28: End backup file: C:\OpenServer\domains\wp.ru/wp-content/uploads/2016/12/01-1024x599.jpg
2016-12-18 13:28: Start backup file: C:\OpenServer\domains\wp.ru/wp-content/uploads/2016/12/01-150x150.jpg
2016-12-18 13:28: End backup file: C:\OpenServer\domains\wp.ru/wp-content/uploads/2016/12/01-150x150.jpg
2016-12-18 13:28: Start backup file: C:\OpenServer\domains\wp.ru/wp-content/uploads/2016/12/01-300x175.jpg
2016-12-18 13:28: End backup file: C:\OpenServer\domains\wp.ru/wp-content/uploads/2016/12/01-300x175.jpg
2016-12-18 13:28: Start backup file: C:\OpenServer\domains\wp.ru/wp-content/uploads/2016/12/01-604x270.jpg
2016-12-18 13:28: End backup file: C:\OpenServer\domains\wp.ru/wp-content/uploads/2016/12/01-604x270.jpg
2016-12-18 13:28: Start backup file: C:\OpenServer\domains\wp.ru/wp-content/uploads/2016/12/01.jpg
2016-12-18 13:28: End backup file: C:\OpenServer\domains\wp.ru/wp-content/uploads/2016/12/01.jpg
2016-12-18 13:28: Start backup file: C:\OpenServer\domains\wp.ru/wp-content/uploads/2016/12/Main02-1024x266.jpg
2016-12-18 13:28: End backup file: C:\OpenServer\domains\wp.ru/wp-content/uploads/2016/12/Main02-1024x266.jpg
2016-12-18 13:28: Start backup file: C:\OpenServer\domains\wp.ru/wp-content/uploads/2016/12/Main02-150x150.jpg
2016-12-18 13:28: End backup file: C:\OpenServer\domains\wp.ru/wp-content/uploads/2016/12/Main02-150x150.jpg
2016-12-18 13:28: Start backup file: C:\OpenServer\domains\wp.ru/wp-content/uploads/2016/12/Main02-300x78.jpg
2016-12-18 13:28: End backup file: C:\OpenServer\domains\wp.ru/wp-content/uploads/2016/12/Main02-300x78.jpg
2016-12-18 13:28: Start backup file: C:\OpenServer\domains\wp.ru/wp-content/uploads/2016/12/Main02-604x270.jpg
2016-12-18 13:28: End backup file: C:\OpenServer\domains\wp.ru/wp-content/uploads/2016/12/Main02-604x270.jpg
2016-12-18 13:28: Start backup file: C:\OpenServer\domains\wp.ru/wp-content/uploads/2016/12/Main02.jpg
2016-12-18 13:28: End backup file: C:\OpenServer\domains\wp.ru/wp-content/uploads/2016/12/Main02.jpg
2016-12-18 13:28: Start backup file: C:\OpenServer\domains\wp.ru/wp-content/uploads/2016/12/Main03-1024x380.jpg
2016-12-18 13:28: End backup file: C:\OpenServer\domains\wp.ru/wp-content/uploads/2016/12/Main03-1024x380.jpg
2016-12-18 13:28: Start backup file: C:\OpenServer\domains\wp.ru/wp-content/uploads/2016/12/Main03-150x150.jpg
2016-12-18 13:28: End backup file: C:\OpenServer\domains\wp.ru/wp-content/uploads/2016/12/Main03-150x150.jpg
2016-12-18 13:28: Start backup file: C:\OpenServer\domains\wp.ru/wp-content/uploads/2016/12/Main03-300x111.jpg
2016-12-18 13:28: End backup file: C:\OpenServer\domains\wp.ru/wp-content/uploads/2016/12/Main03-300x111.jpg
2016-12-18 13:28: Start backup file: C:\OpenServer\domains\wp.ru/wp-content/uploads/2016/12/Main03-604x270.jpg
2016-12-18 13:28: End backup file: C:\OpenServer\domains\wp.ru/wp-content/uploads/2016/12/Main03-604x270.jpg
2016-12-18 13:28: Start backup file: C:\OpenServer\domains\wp.ru/wp-content/uploads/2016/12/Main03.jpg
2016-12-18 13:28: End backup file: C:\OpenServer\domains\wp.ru/wp-content/uploads/2016/12/Main03.jpg
2016-12-18 13:28: Start backup file: C:\OpenServer\domains\wp.ru/wp-content/uploads/2016/12/Main04-1024x648.jpg
2016-12-18 13:28: End backup file: C:\OpenServer\domains\wp.ru/wp-content/uploads/2016/12/Main04-1024x648.jpg
2016-12-18 13:28: Start backup file: C:\OpenServer\domains\wp.ru/wp-content/uploads/2016/12/Main04-150x150.jpg
2016-12-18 13:28: End backup file: C:\OpenServer\domains\wp.ru/wp-content/uploads/2016/12/Main04-150x150.jpg
2016-12-18 13:28: Start backup file: C:\OpenServer\domains\wp.ru/wp-content/uploads/2016/12/Main04-300x190.jpg
2016-12-18 13:28: End backup file: C:\OpenServer\domains\wp.ru/wp-content/uploads/2016/12/Main04-300x190.jpg
2016-12-18 13:28: Start backup file: C:\OpenServer\domains\wp.ru/wp-content/uploads/2016/12/Main04-604x270.jpg
2016-12-18 13:28: End backup file: C:\OpenServer\domains\wp.ru/wp-content/uploads/2016/12/Main04-604x270.jpg
2016-12-18 13:28: Start backup file: C:\OpenServer\domains\wp.ru/wp-content/uploads/2016/12/Main04.jpg
2016-12-18 13:28: End backup file: C:\OpenServer\domains\wp.ru/wp-content/uploads/2016/12/Main04.jpg
2016-12-18 13:28: Start backup file: C:\OpenServer\domains\wp.ru/wp-content\uploads\backup-guard\sg_backup_opt(full)_20161218132809\sg_backup_opt(full)_20161218132809.sql
2016-12-18 13:28: End backup file: C:\OpenServer\domains\wp.ru/wp-content\uploads\backup-guard\sg_backup_opt(full)_20161218132809\sg_backup_opt(full)_20161218132809.sql
2016-12-18 13:28: End backup files
2016-12-18 13:28: End backup
2016-12-18 13:28: Total duration: 12.00 seconds
